{"C:\\Users\\Frida\\cloud-front\\src\\App.js": {"path":"C:\\Users\\Frida\\cloud-front\\src\\App.js","statementMap":{"0":{"start":{"line":5,"column":2},"end":{"line":22,"column":4}}},"fnMap":{"0":{"name":"App","decl":{"start":{"line":4,"column":9},"end":{"line":4,"column":12}},"loc":{"start":{"line":4,"column":15},"end":{"line":23,"column":1}},"line":4}},"branchMap":{},"s":{"0":0},"f":{"0":0},"b":{}}
,"C:\\Users\\Frida\\cloud-front\\src\\Button.js": {"path":"C:\\Users\\Frida\\cloud-front\\src\\Button.js","statementMap":{"0":{"start":{"line":4,"column":2},"end":{"line":4,"column":52}}},"fnMap":{"0":{"name":"Button","decl":{"start":{"line":3,"column":24},"end":{"line":3,"column":30}},"loc":{"start":{"line":3,"column":51},"end":{"line":5,"column":1}},"line":3}},"branchMap":{},"s":{"0":0},"f":{"0":0},"b":{}}
,"C:\\Users\\Frida\\cloud-front\\src\\CasaraoFormPage.js": {"path":"C:\\Users\\Frida\\cloud-front\\src\\CasaraoFormPage.js","statementMap":{"0":{"start":{"line":4,"column":26},"end":{"line":4,"column":38}},"1":{"start":{"line":5,"column":40},"end":{"line":5,"column":52}},"2":{"start":{"line":6,"column":34},"end":{"line":6,"column":46}},"3":{"start":{"line":7,"column":24},"end":{"line":7,"column":36}},"4":{"start":{"line":8,"column":27},"end":{"line":8,"column":41}},"5":{"start":{"line":9,"column":26},"end":{"line":9,"column":38}},"6":{"start":{"line":10,"column":30},"end":{"line":10,"column":42}},"7":{"start":{"line":12,"column":2},"end":{"line":22,"column":20}},"8":{"start":{"line":13,"column":4},"end":{"line":21,"column":5}},"9":{"start":{"line":14,"column":6},"end":{"line":14,"column":32}},"10":{"start":{"line":15,"column":6},"end":{"line":15,"column":46}},"11":{"start":{"line":16,"column":6},"end":{"line":16,"column":40}},"12":{"start":{"line":17,"column":6},"end":{"line":17,"column":36}},"13":{"start":{"line":18,"column":6},"end":{"line":18,"column":71}},"14":{"start":{"line":19,"column":6},"end":{"line":19,"column":38}},"15":{"start":{"line":24,"column":26},"end":{"line":41,"column":3}},"16":{"start":{"line":25,"column":4},"end":{"line":25,"column":27}},"17":{"start":{"line":27,"column":4},"end":{"line":40,"column":5}},"18":{"start":{"line":28,"column":6},"end":{"line":39,"column":7}},"19":{"start":{"line":30,"column":25},"end":{"line":30,"column":88}},"20":{"start":{"line":31,"column":21},"end":{"line":31,"column":42}},"21":{"start":{"line":33,"column":8},"end":{"line":36,"column":9}},"22":{"start":{"line":34,"column":27},"end":{"line":34,"column":96}},"23":{"start":{"line":35,"column":10},"end":{"line":35,"column":32}},"24":{"start":{"line":38,"column":8},"end":{"line":38,"column":67}},"25":{"start":{"line":43,"column":27},"end":{"line":53,"column":3}},"26":{"start":{"line":44,"column":17},"end":{"line":44,"column":38}},"27":{"start":{"line":45,"column":4},"end":{"line":52,"column":5}},"28":{"start":{"line":46,"column":21},"end":{"line":46,"column":37}},"29":{"start":{"line":47,"column":6},"end":{"line":50,"column":8}},"30":{"start":{"line":48,"column":29},"end":{"line":48,"column":56}},"31":{"start":{"line":49,"column":8},"end":{"line":49,"column":32}},"32":{"start":{"line":51,"column":6},"end":{"line":51,"column":33}},"33":{"start":{"line":55,"column":23},"end":{"line":86,"column":3}},"34":{"start":{"line":56,"column":4},"end":{"line":56,"column":23}},"35":{"start":{"line":59,"column":4},"end":{"line":59,"column":43}},"36":{"start":{"line":61,"column":15},"end":{"line":67,"column":5}},"37":{"start":{"line":70,"column":4},"end":{"line":70,"column":47}},"38":{"start":{"line":72,"column":4},"end":{"line":74,"column":5}},"39":{"start":{"line":73,"column":6},"end":{"line":73,"column":31}},"40":{"start":{"line":76,"column":4},"end":{"line":76,"column":39}},"41":{"start":{"line":79,"column":4},"end":{"line":79,"column":16}},"42":{"start":{"line":80,"column":4},"end":{"line":80,"column":23}},"43":{"start":{"line":81,"column":4},"end":{"line":81,"column":20}},"44":{"start":{"line":82,"column":4},"end":{"line":82,"column":15}},"45":{"start":{"line":83,"column":4},"end":{"line":83,"column":16}},"46":{"start":{"line":84,"column":4},"end":{"line":84,"column":19}},"47":{"start":{"line":85,"column":4},"end":{"line":85,"column":18}},"48":{"start":{"line":88,"column":2},"end":{"line":155,"column":4}},"49":{"start":{"line":96,"column":27},"end":{"line":96,"column":50}},"50":{"start":{"line":103,"column":27},"end":{"line":103,"column":57}},"51":{"start":{"line":111,"column":27},"end":{"line":111,"column":54}},"52":{"start":{"line":127,"column":27},"end":{"line":127,"column":50}},"53":{"start":{"line":159,"column":15},"end":{"line":236,"column":1}}},"fnMap":{"0":{"name":"CasaraoFormPage","decl":{"start":{"line":3,"column":9},"end":{"line":3,"column":24}},"loc":{"start":{"line":3,"column":52},"end":{"line":156,"column":1}},"line":3},"1":{"name":"(anonymous_1)","decl":{"start":{"line":12,"column":12},"end":{"line":12,"column":13}},"loc":{"start":{"line":12,"column":18},"end":{"line":22,"column":3}},"line":12},"2":{"name":"(anonymous_2)","decl":{"start":{"line":24,"column":26},"end":{"line":24,"column":27}},"loc":{"start":{"line":24,"column":39},"end":{"line":41,"column":3}},"line":24},"3":{"name":"(anonymous_3)","decl":{"start":{"line":43,"column":27},"end":{"line":43,"column":28}},"loc":{"start":{"line":43,"column":38},"end":{"line":53,"column":3}},"line":43},"4":{"name":"(anonymous_4)","decl":{"start":{"line":47,"column":22},"end":{"line":47,"column":23}},"loc":{"start":{"line":47,"column":28},"end":{"line":50,"column":7}},"line":47},"5":{"name":"(anonymous_5)","decl":{"start":{"line":55,"column":23},"end":{"line":55,"column":24}},"loc":{"start":{"line":55,"column":30},"end":{"line":86,"column":3}},"line":55},"6":{"name":"(anonymous_6)","decl":{"start":{"line":96,"column":20},"end":{"line":96,"column":21}},"loc":{"start":{"line":96,"column":27},"end":{"line":96,"column":50}},"line":96},"7":{"name":"(anonymous_7)","decl":{"start":{"line":103,"column":20},"end":{"line":103,"column":21}},"loc":{"start":{"line":103,"column":27},"end":{"line":103,"column":57}},"line":103},"8":{"name":"(anonymous_8)","decl":{"start":{"line":111,"column":20},"end":{"line":111,"column":21}},"loc":{"start":{"line":111,"column":27},"end":{"line":111,"column":54}},"line":111},"9":{"name":"(anonymous_9)","decl":{"start":{"line":127,"column":20},"end":{"line":127,"column":21}},"loc":{"start":{"line":127,"column":27},"end":{"line":127,"column":50}},"line":127}},"branchMap":{"0":{"loc":{"start":{"line":13,"column":4},"end":{"line":21,"column":5}},"type":"if","locations":[{"start":{"line":13,"column":4},"end":{"line":21,"column":5}},{"start":{},"end":{}}],"line":13},"1":{"loc":{"start":{"line":17,"column":13},"end":{"line":17,"column":34}},"type":"binary-expr","locations":[{"start":{"line":17,"column":13},"end":{"line":17,"column":28}},{"start":{"line":17,"column":32},"end":{"line":17,"column":34}}],"line":17},"2":{"loc":{"start":{"line":18,"column":15},"end":{"line":18,"column":69}},"type":"cond-expr","locations":[{"start":{"line":18,"column":40},"end":{"line":18,"column":62}},{"start":{"line":18,"column":65},"end":{"line":18,"column":69}}],"line":18},"3":{"loc":{"start":{"line":19,"column":14},"end":{"line":19,"column":36}},"type":"binary-expr","locations":[{"start":{"line":19,"column":14},"end":{"line":19,"column":30}},{"start":{"line":19,"column":34},"end":{"line":19,"column":36}}],"line":19},"4":{"loc":{"start":{"line":27,"column":4},"end":{"line":40,"column":5}},"type":"if","locations":[{"start":{"line":27,"column":4},"end":{"line":40,"column":5}},{"start":{},"end":{}}],"line":27},"5":{"loc":{"start":{"line":33,"column":8},"end":{"line":36,"column":9}},"type":"if","locations":[{"start":{"line":33,"column":8},"end":{"line":36,"column":9}},{"start":{},"end":{}}],"line":33},"6":{"loc":{"start":{"line":45,"column":4},"end":{"line":52,"column":5}},"type":"if","locations":[{"start":{"line":45,"column":4},"end":{"line":52,"column":5}},{"start":{},"end":{}}],"line":45},"7":{"loc":{"start":{"line":66,"column":12},"end":{"line":66,"column":24}},"type":"binary-expr","locations":[{"start":{"line":66,"column":12},"end":{"line":66,"column":16}},{"start":{"line":66,"column":20},"end":{"line":66,"column":24}}],"line":66},"8":{"loc":{"start":{"line":72,"column":4},"end":{"line":74,"column":5}},"type":"if","locations":[{"start":{"line":72,"column":4},"end":{"line":74,"column":5}},{"start":{},"end":{}}],"line":72},"9":{"loc":{"start":{"line":90,"column":32},"end":{"line":90,"column":89}},"type":"cond-expr","locations":[{"start":{"line":90,"column":46},"end":{"line":90,"column":62}},{"start":{"line":90,"column":65},"end":{"line":90,"column":89}}],"line":90},"10":{"loc":{"start":{"line":130,"column":11},"end":{"line":139,"column":9}},"type":"binary-expr","locations":[{"start":{"line":130,"column":11},"end":{"line":130,"column":17}},{"start":{"line":131,"column":10},"end":{"line":138,"column":16}}],"line":130},"11":{"loc":{"start":{"line":151,"column":11},"end":{"line":151,"column":58}},"type":"cond-expr","locations":[{"start":{"line":151,"column":25},"end":{"line":151,"column":44}},{"start":{"line":151,"column":47},"end":{"line":151,"column":58}}],"line":151}},"s":{"0":0,"1":0,"2":0,"3":0,"4":0,"5":0,"6":0,"7":0,"8":0,"9":0,"10":0,"11":0,"12":0,"13":0,"14":0,"15":0,"16":0,"17":0,"18":0,"19":0,"20":0,"21":0,"22":0,"23":0,"24":0,"25":0,"26":0,"27":0,"28":0,"29":0,"30":0,"31":0,"32":0,"33":0,"34":0,"35":0,"36":0,"37":0,"38":0,"39":0,"40":0,"41":0,"42":0,"43":0,"44":0,"45":0,"46":0,"47":0,"48":0,"49":0,"50":0,"51":0,"52":0,"53":0},"f":{"0":0,"1":0,"2":0,"3":0,"4":0,"5":0,"6":0,"7":0,"8":0,"9":0},"b":{"0":[0,0],"1":[0,0],"2":[0,0],"3":[0,0],"4":[0,0],"5":[0,0],"6":[0,0],"7":[0,0],"8":[0,0],"9":[0,0],"10":[0,0],"11":[0,0]}}
,"C:\\Users\\Frida\\cloud-front\\src\\CasaraoListPage.js": {"path":"C:\\Users\\Frida\\cloud-front\\src\\CasaraoListPage.js","statementMap":{"0":{"start":{"line":9,"column":2},"end":{"line":9,"column":53}},"1":{"start":{"line":10,"column":2},"end":{"line":10,"column":72}},"2":{"start":{"line":12,"column":34},"end":{"line":12,"column":46}},"3":{"start":{"line":13,"column":42},"end":{"line":13,"column":57}},"4":{"start":{"line":14,"column":34},"end":{"line":14,"column":49}},"5":{"start":{"line":15,"column":28},"end":{"line":15,"column":42}},"6":{"start":{"line":16,"column":44},"end":{"line":16,"column":58}},"7":{"start":{"line":17,"column":36},"end":{"line":20,"column":4}},"8":{"start":{"line":18,"column":27},"end":{"line":18,"column":60}},"9":{"start":{"line":19,"column":4},"end":{"line":19,"column":60}},"10":{"start":{"line":21,"column":36},"end":{"line":24,"column":4}},"11":{"start":{"line":22,"column":27},"end":{"line":22,"column":60}},"12":{"start":{"line":23,"column":4},"end":{"line":23,"column":60}},"13":{"start":{"line":25,"column":40},"end":{"line":28,"column":4}},"14":{"start":{"line":26,"column":29},"end":{"line":26,"column":64}},"15":{"start":{"line":27,"column":4},"end":{"line":27,"column":64}},"16":{"start":{"line":30,"column":36},"end":{"line":30,"column":51}},"17":{"start":{"line":31,"column":38},"end":{"line":31,"column":50}},"18":{"start":{"line":32,"column":46},"end":{"line":32,"column":58}},"19":{"start":{"line":34,"column":24},"end":{"line":48,"column":3}},"20":{"start":{"line":35,"column":4},"end":{"line":47,"column":5}},"21":{"start":{"line":36,"column":23},"end":{"line":36,"column":90}},"22":{"start":{"line":38,"column":6},"end":{"line":38,"column":96}},"23":{"start":{"line":38,"column":24},"end":{"line":38,"column":96}},"24":{"start":{"line":41,"column":19},"end":{"line":41,"column":40}},"25":{"start":{"line":42,"column":6},"end":{"line":42,"column":24}},"26":{"start":{"line":43,"column":6},"end":{"line":43,"column":21}},"27":{"start":{"line":45,"column":6},"end":{"line":45,"column":60}},"28":{"start":{"line":46,"column":6},"end":{"line":46,"column":30}},"29":{"start":{"line":50,"column":2},"end":{"line":54,"column":17}},"30":{"start":{"line":51,"column":4},"end":{"line":53,"column":5}},"31":{"start":{"line":52,"column":6},"end":{"line":52,"column":22}},"32":{"start":{"line":56,"column":30},"end":{"line":60,"column":3}},"33":{"start":{"line":57,"column":4},"end":{"line":57,"column":26}},"34":{"start":{"line":58,"column":4},"end":{"line":58,"column":23}},"35":{"start":{"line":59,"column":4},"end":{"line":59,"column":27}},"36":{"start":{"line":62,"column":31},"end":{"line":68,"column":3}},"37":{"start":{"line":63,"column":4},"end":{"line":63,"column":33}},"38":{"start":{"line":63,"column":26},"end":{"line":63,"column":31}},"39":{"start":{"line":64,"column":4},"end":{"line":64,"column":27}},"40":{"start":{"line":65,"column":4},"end":{"line":67,"column":5}},"41":{"start":{"line":66,"column":6},"end":{"line":66,"column":22}},"42":{"start":{"line":69,"column":26},"end":{"line":71,"column":3}},"43":{"start":{"line":70,"column":4},"end":{"line":70,"column":29}},"44":{"start":{"line":72,"column":23},"end":{"line":82,"column":3}},"45":{"start":{"line":73,"column":4},"end":{"line":73,"column":27}},"46":{"start":{"line":75,"column":4},"end":{"line":78,"column":5}},"47":{"start":{"line":76,"column":6},"end":{"line":76,"column":63}},"48":{"start":{"line":77,"column":6},"end":{"line":77,"column":13}},"49":{"start":{"line":80,"column":4},"end":{"line":80,"column":55}},"50":{"start":{"line":81,"column":4},"end":{"line":81,"column":22}},"51":{"start":{"line":84,"column":26},"end":{"line":93,"column":3}},"52":{"start":{"line":85,"column":4},"end":{"line":92,"column":7}},"53":{"start":{"line":86,"column":27},"end":{"line":88,"column":28}},"54":{"start":{"line":86,"column":49},"end":{"line":86,"column":75}},"55":{"start":{"line":87,"column":34},"end":{"line":87,"column":60}},"56":{"start":{"line":90,"column":6},"end":{"line":90,"column":70}},"57":{"start":{"line":91,"column":6},"end":{"line":91,"column":26}},"58":{"start":{"line":95,"column":31},"end":{"line":104,"column":3}},"59":{"start":{"line":96,"column":4},"end":{"line":103,"column":7}},"60":{"start":{"line":97,"column":27},"end":{"line":99,"column":28}},"61":{"start":{"line":97,"column":49},"end":{"line":97,"column":75}},"62":{"start":{"line":98,"column":34},"end":{"line":98,"column":60}},"63":{"start":{"line":101,"column":6},"end":{"line":101,"column":70}},"64":{"start":{"line":102,"column":6},"end":{"line":102,"column":26}},"65":{"start":{"line":105,"column":27},"end":{"line":107,"column":3}},"66":{"start":{"line":106,"column":4},"end":{"line":106,"column":82}},"67":{"start":{"line":106,"column":26},"end":{"line":106,"column":80}},"68":{"start":{"line":106,"column":51},"end":{"line":106,"column":79}},"69":{"start":{"line":109,"column":32},"end":{"line":111,"column":3}},"70":{"start":{"line":110,"column":4},"end":{"line":110,"column":27}},"71":{"start":{"line":114,"column":29},"end":{"line":129,"column":1}},"72":{"start":{"line":115,"column":2},"end":{"line":115,"column":78}},"73":{"start":{"line":115,"column":71},"end":{"line":115,"column":78}},"74":{"start":{"line":117,"column":2},"end":{"line":128,"column":3}},"75":{"start":{"line":118,"column":21},"end":{"line":120,"column":6}},"76":{"start":{"line":122,"column":4},"end":{"line":122,"column":91}},"77":{"start":{"line":122,"column":22},"end":{"line":122,"column":91}},"78":{"start":{"line":124,"column":4},"end":{"line":124,"column":78}},"79":{"start":{"line":124,"column":26},"end":{"line":124,"column":76}},"80":{"start":{"line":124,"column":51},"end":{"line":124,"column":75}},"81":{"start":{"line":126,"column":4},"end":{"line":126,"column":55}},"82":{"start":{"line":127,"column":4},"end":{"line":127,"column":57}},"83":{"start":{"line":131,"column":30},"end":{"line":156,"column":3}},"84":{"start":{"line":133,"column":4},"end":{"line":133,"column":36}},"85":{"start":{"line":134,"column":4},"end":{"line":155,"column":5}},"86":{"start":{"line":135,"column":21},"end":{"line":135,"column":55}},"87":{"start":{"line":136,"column":18},"end":{"line":138,"column":64}},"88":{"start":{"line":139,"column":25},"end":{"line":145,"column":10}},"89":{"start":{"line":147,"column":6},"end":{"line":147,"column":92}},"90":{"start":{"line":147,"column":24},"end":{"line":147,"column":92}},"91":{"start":{"line":149,"column":6},"end":{"line":149,"column":22}},"92":{"start":{"line":150,"column":6},"end":{"line":150,"column":29}},"93":{"start":{"line":151,"column":6},"end":{"line":151,"column":24}},"94":{"start":{"line":153,"column":6},"end":{"line":153,"column":56}},"95":{"start":{"line":154,"column":6},"end":{"line":154,"column":58}},"96":{"start":{"line":158,"column":26},"end":{"line":162,"column":3}},"97":{"start":{"line":159,"column":4},"end":{"line":159,"column":30}},"98":{"start":{"line":160,"column":4},"end":{"line":160,"column":26}},"99":{"start":{"line":161,"column":4},"end":{"line":161,"column":23}},"100":{"start":{"line":164,"column":27},"end":{"line":173,"column":3}},"101":{"start":{"line":165,"column":4},"end":{"line":172,"column":7}},"102":{"start":{"line":166,"column":29},"end":{"line":169,"column":7}},"103":{"start":{"line":170,"column":6},"end":{"line":170,"column":74}},"104":{"start":{"line":171,"column":6},"end":{"line":171,"column":28}},"105":{"start":{"line":175,"column":2},"end":{"line":384,"column":4}},"106":{"start":{"line":226,"column":31},"end":{"line":226,"column":60}},"107":{"start":{"line":257,"column":16},"end":{"line":344,"column":21}},"108":{"start":{"line":271,"column":10},"end":{"line":271,"column":57}},"109":{"start":{"line":285,"column":45},"end":{"line":285,"column":69}},"110":{"start":{"line":288,"column":45},"end":{"line":288,"column":76}},"111":{"start":{"line":297,"column":41},"end":{"line":297,"column":65}},"112":{"start":{"line":303,"column":64},"end":{"line":303,"column":90}},"113":{"start":{"line":310,"column":41},"end":{"line":310,"column":70}},"114":{"start":{"line":316,"column":64},"end":{"line":316,"column":90}},"115":{"start":{"line":327,"column":28},"end":{"line":327,"column":79}},"116":{"start":{"line":334,"column":28},"end":{"line":337,"column":29}},"117":{"start":{"line":335,"column":30},"end":{"line":335,"column":75}},"118":{"start":{"line":336,"column":30},"end":{"line":336,"column":50}},"119":{"start":{"line":358,"column":16},"end":{"line":358,"column":58}},"120":{"start":{"line":368,"column":16},"end":{"line":368,"column":58}},"121":{"start":{"line":389,"column":15},"end":{"line":615,"column":1}}},"fnMap":{"0":{"name":"CasaraoListPage","decl":{"start":{"line":8,"column":9},"end":{"line":8,"column":24}},"loc":{"start":{"line":8,"column":48},"end":{"line":385,"column":1}},"line":8},"1":{"name":"(anonymous_1)","decl":{"start":{"line":17,"column":45},"end":{"line":17,"column":46}},"loc":{"start":{"line":17,"column":51},"end":{"line":20,"column":3}},"line":17},"2":{"name":"(anonymous_2)","decl":{"start":{"line":21,"column":45},"end":{"line":21,"column":46}},"loc":{"start":{"line":21,"column":51},"end":{"line":24,"column":3}},"line":21},"3":{"name":"(anonymous_3)","decl":{"start":{"line":25,"column":49},"end":{"line":25,"column":50}},"loc":{"start":{"line":25,"column":55},"end":{"line":28,"column":3}},"line":25},"4":{"name":"(anonymous_4)","decl":{"start":{"line":34,"column":24},"end":{"line":34,"column":25}},"loc":{"start":{"line":34,"column":36},"end":{"line":48,"column":3}},"line":34},"5":{"name":"(anonymous_5)","decl":{"start":{"line":50,"column":12},"end":{"line":50,"column":13}},"loc":{"start":{"line":50,"column":18},"end":{"line":54,"column":3}},"line":50},"6":{"name":"(anonymous_6)","decl":{"start":{"line":56,"column":30},"end":{"line":56,"column":31}},"loc":{"start":{"line":56,"column":36},"end":{"line":60,"column":3}},"line":56},"7":{"name":"(anonymous_7)","decl":{"start":{"line":62,"column":31},"end":{"line":62,"column":32}},"loc":{"start":{"line":62,"column":37},"end":{"line":68,"column":3}},"line":62},"8":{"name":"(anonymous_8)","decl":{"start":{"line":63,"column":16},"end":{"line":63,"column":17}},"loc":{"start":{"line":63,"column":26},"end":{"line":63,"column":31}},"line":63},"9":{"name":"(anonymous_9)","decl":{"start":{"line":69,"column":26},"end":{"line":69,"column":27}},"loc":{"start":{"line":69,"column":32},"end":{"line":71,"column":3}},"line":69},"10":{"name":"(anonymous_10)","decl":{"start":{"line":72,"column":23},"end":{"line":72,"column":24}},"loc":{"start":{"line":72,"column":34},"end":{"line":82,"column":3}},"line":72},"11":{"name":"(anonymous_11)","decl":{"start":{"line":84,"column":26},"end":{"line":84,"column":27}},"loc":{"start":{"line":84,"column":39},"end":{"line":93,"column":3}},"line":84},"12":{"name":"(anonymous_12)","decl":{"start":{"line":85,"column":17},"end":{"line":85,"column":18}},"loc":{"start":{"line":85,"column":27},"end":{"line":92,"column":5}},"line":85},"13":{"name":"(anonymous_13)","decl":{"start":{"line":86,"column":37},"end":{"line":86,"column":38}},"loc":{"start":{"line":86,"column":49},"end":{"line":86,"column":75}},"line":86},"14":{"name":"(anonymous_14)","decl":{"start":{"line":87,"column":22},"end":{"line":87,"column":23}},"loc":{"start":{"line":87,"column":34},"end":{"line":87,"column":60}},"line":87},"15":{"name":"(anonymous_15)","decl":{"start":{"line":95,"column":31},"end":{"line":95,"column":32}},"loc":{"start":{"line":95,"column":44},"end":{"line":104,"column":3}},"line":95},"16":{"name":"(anonymous_16)","decl":{"start":{"line":96,"column":17},"end":{"line":96,"column":18}},"loc":{"start":{"line":96,"column":27},"end":{"line":103,"column":5}},"line":96},"17":{"name":"(anonymous_17)","decl":{"start":{"line":97,"column":37},"end":{"line":97,"column":38}},"loc":{"start":{"line":97,"column":49},"end":{"line":97,"column":75}},"line":97},"18":{"name":"(anonymous_18)","decl":{"start":{"line":98,"column":22},"end":{"line":98,"column":23}},"loc":{"start":{"line":98,"column":34},"end":{"line":98,"column":60}},"line":98},"19":{"name":"(anonymous_19)","decl":{"start":{"line":105,"column":27},"end":{"line":105,"column":28}},"loc":{"start":{"line":105,"column":33},"end":{"line":107,"column":3}},"line":105},"20":{"name":"(anonymous_20)","decl":{"start":{"line":106,"column":16},"end":{"line":106,"column":17}},"loc":{"start":{"line":106,"column":26},"end":{"line":106,"column":80}},"line":106},"21":{"name":"(anonymous_21)","decl":{"start":{"line":106,"column":41},"end":{"line":106,"column":42}},"loc":{"start":{"line":106,"column":51},"end":{"line":106,"column":79}},"line":106},"22":{"name":"(anonymous_22)","decl":{"start":{"line":109,"column":32},"end":{"line":109,"column":33}},"loc":{"start":{"line":109,"column":38},"end":{"line":111,"column":3}},"line":109},"23":{"name":"(anonymous_23)","decl":{"start":{"line":114,"column":29},"end":{"line":114,"column":30}},"loc":{"start":{"line":114,"column":50},"end":{"line":129,"column":1}},"line":114},"24":{"name":"(anonymous_24)","decl":{"start":{"line":124,"column":16},"end":{"line":124,"column":17}},"loc":{"start":{"line":124,"column":26},"end":{"line":124,"column":76}},"line":124},"25":{"name":"(anonymous_25)","decl":{"start":{"line":124,"column":38},"end":{"line":124,"column":39}},"loc":{"start":{"line":124,"column":51},"end":{"line":124,"column":75}},"line":124},"26":{"name":"(anonymous_26)","decl":{"start":{"line":131,"column":30},"end":{"line":131,"column":31}},"loc":{"start":{"line":131,"column":60},"end":{"line":156,"column":3}},"line":131},"27":{"name":"(anonymous_27)","decl":{"start":{"line":158,"column":26},"end":{"line":158,"column":27}},"loc":{"start":{"line":158,"column":39},"end":{"line":162,"column":3}},"line":158},"28":{"name":"(anonymous_28)","decl":{"start":{"line":164,"column":27},"end":{"line":164,"column":28}},"loc":{"start":{"line":164,"column":51},"end":{"line":173,"column":3}},"line":164},"29":{"name":"(anonymous_29)","decl":{"start":{"line":165,"column":19},"end":{"line":165,"column":20}},"loc":{"start":{"line":165,"column":29},"end":{"line":172,"column":5}},"line":165},"30":{"name":"(anonymous_30)","decl":{"start":{"line":226,"column":24},"end":{"line":226,"column":25}},"loc":{"start":{"line":226,"column":31},"end":{"line":226,"column":60}},"line":226},"31":{"name":"(anonymous_31)","decl":{"start":{"line":256,"column":28},"end":{"line":256,"column":29}},"loc":{"start":{"line":257,"column":16},"end":{"line":344,"column":21}},"line":257},"32":{"name":"(anonymous_32)","decl":{"start":{"line":270,"column":17},"end":{"line":270,"column":18}},"loc":{"start":{"line":270,"column":24},"end":{"line":272,"column":9}},"line":270},"33":{"name":"(anonymous_33)","decl":{"start":{"line":285,"column":39},"end":{"line":285,"column":40}},"loc":{"start":{"line":285,"column":45},"end":{"line":285,"column":69}},"line":285},"34":{"name":"(anonymous_34)","decl":{"start":{"line":288,"column":39},"end":{"line":288,"column":40}},"loc":{"start":{"line":288,"column":45},"end":{"line":288,"column":76}},"line":288},"35":{"name":"(anonymous_35)","decl":{"start":{"line":297,"column":35},"end":{"line":297,"column":36}},"loc":{"start":{"line":297,"column":41},"end":{"line":297,"column":65}},"line":297},"36":{"name":"(anonymous_36)","decl":{"start":{"line":303,"column":52},"end":{"line":303,"column":53}},"loc":{"start":{"line":303,"column":64},"end":{"line":303,"column":90}},"line":303},"37":{"name":"(anonymous_37)","decl":{"start":{"line":310,"column":35},"end":{"line":310,"column":36}},"loc":{"start":{"line":310,"column":41},"end":{"line":310,"column":70}},"line":310},"38":{"name":"(anonymous_38)","decl":{"start":{"line":316,"column":52},"end":{"line":316,"column":53}},"loc":{"start":{"line":316,"column":64},"end":{"line":316,"column":90}},"line":316},"39":{"name":"(anonymous_39)","decl":{"start":{"line":326,"column":63},"end":{"line":326,"column":64}},"loc":{"start":{"line":327,"column":28},"end":{"line":327,"column":79}},"line":327},"40":{"name":"(anonymous_40)","decl":{"start":{"line":333,"column":37},"end":{"line":333,"column":38}},"loc":{"start":{"line":333,"column":44},"end":{"line":338,"column":27}},"line":333},"41":{"name":"(anonymous_41)","decl":{"start":{"line":357,"column":28},"end":{"line":357,"column":29}},"loc":{"start":{"line":358,"column":16},"end":{"line":358,"column":58}},"line":358},"42":{"name":"(anonymous_42)","decl":{"start":{"line":367,"column":28},"end":{"line":367,"column":29}},"loc":{"start":{"line":368,"column":16},"end":{"line":368,"column":58}},"line":368}},"branchMap":{"0":{"loc":{"start":{"line":19,"column":11},"end":{"line":19,"column":59}},"type":"cond-expr","locations":[{"start":{"line":19,"column":28},"end":{"line":19,"column":54}},{"start":{"line":19,"column":57},"end":{"line":19,"column":59}}],"line":19},"1":{"loc":{"start":{"line":23,"column":11},"end":{"line":23,"column":59}},"type":"cond-expr","locations":[{"start":{"line":23,"column":28},"end":{"line":23,"column":54}},{"start":{"line":23,"column":57},"end":{"line":23,"column":59}}],"line":23},"2":{"loc":{"start":{"line":27,"column":11},"end":{"line":27,"column":63}},"type":"cond-expr","locations":[{"start":{"line":27,"column":30},"end":{"line":27,"column":58}},{"start":{"line":27,"column":61},"end":{"line":27,"column":63}}],"line":27},"3":{"loc":{"start":{"line":38,"column":6},"end":{"line":38,"column":96}},"type":"if","locations":[{"start":{"line":38,"column":6},"end":{"line":38,"column":96}},{"start":{},"end":{}}],"line":38},"4":{"loc":{"start":{"line":51,"column":4},"end":{"line":53,"column":5}},"type":"if","locations":[{"start":{"line":51,"column":4},"end":{"line":53,"column":5}},{"start":{},"end":{}}],"line":51},"5":{"loc":{"start":{"line":65,"column":4},"end":{"line":67,"column":5}},"type":"if","locations":[{"start":{"line":65,"column":4},"end":{"line":67,"column":5}},{"start":{},"end":{}}],"line":65},"6":{"loc":{"start":{"line":75,"column":4},"end":{"line":78,"column":5}},"type":"if","locations":[{"start":{"line":75,"column":4},"end":{"line":78,"column":5}},{"start":{},"end":{}}],"line":75},"7":{"loc":{"start":{"line":86,"column":27},"end":{"line":88,"column":28}},"type":"cond-expr","locations":[{"start":{"line":87,"column":10},"end":{"line":87,"column":61}},{"start":{"line":88,"column":10},"end":{"line":88,"column":28}}],"line":86},"8":{"loc":{"start":{"line":97,"column":27},"end":{"line":99,"column":28}},"type":"cond-expr","locations":[{"start":{"line":98,"column":10},"end":{"line":98,"column":61}},{"start":{"line":99,"column":10},"end":{"line":99,"column":28}}],"line":97},"9":{"loc":{"start":{"line":115,"column":2},"end":{"line":115,"column":78}},"type":"if","locations":[{"start":{"line":115,"column":2},"end":{"line":115,"column":78}},{"start":{},"end":{}}],"line":115},"10":{"loc":{"start":{"line":122,"column":4},"end":{"line":122,"column":91}},"type":"if","locations":[{"start":{"line":122,"column":4},"end":{"line":122,"column":91}},{"start":{},"end":{}}],"line":122},"11":{"loc":{"start":{"line":135,"column":21},"end":{"line":135,"column":55}},"type":"cond-expr","locations":[{"start":{"line":135,"column":41},"end":{"line":135,"column":46}},{"start":{"line":135,"column":49},"end":{"line":135,"column":55}}],"line":135},"12":{"loc":{"start":{"line":136,"column":18},"end":{"line":138,"column":64}},"type":"cond-expr","locations":[{"start":{"line":137,"column":10},"end":{"line":137,"column":84}},{"start":{"line":138,"column":10},"end":{"line":138,"column":64}}],"line":136},"13":{"loc":{"start":{"line":147,"column":6},"end":{"line":147,"column":92}},"type":"if","locations":[{"start":{"line":147,"column":6},"end":{"line":147,"column":92}},{"start":{},"end":{}}],"line":147},"14":{"loc":{"start":{"line":168,"column":26},"end":{"line":168,"column":47}},"type":"binary-expr","locations":[{"start":{"line":168,"column":26},"end":{"line":168,"column":41}},{"start":{"line":168,"column":45},"end":{"line":168,"column":47}}],"line":168},"15":{"loc":{"start":{"line":187,"column":11},"end":{"line":193,"column":11}},"type":"binary-expr","locations":[{"start":{"line":187,"column":11},"end":{"line":187,"column":19}},{"start":{"line":188,"column":12},"end":{"line":192,"column":14}}],"line":187},"16":{"loc":{"start":{"line":216,"column":7},"end":{"line":235,"column":7}},"type":"binary-expr","locations":[{"start":{"line":216,"column":7},"end":{"line":216,"column":16}},{"start":{"line":216,"column":20},"end":{"line":216,"column":28}},{"start":{"line":217,"column":8},"end":{"line":234,"column":14}}],"line":216},"17":{"loc":{"start":{"line":237,"column":7},"end":{"line":241,"column":7}},"type":"binary-expr","locations":[{"start":{"line":237,"column":7},"end":{"line":237,"column":21}},{"start":{"line":238,"column":8},"end":{"line":240,"column":14}}],"line":237},"18":{"loc":{"start":{"line":244,"column":9},"end":{"line":244,"column":60}},"type":"cond-expr","locations":[{"start":{"line":244,"column":20},"end":{"line":244,"column":37}},{"start":{"line":244,"column":40},"end":{"line":244,"column":60}}],"line":244},"19":{"loc":{"start":{"line":246,"column":7},"end":{"line":250,"column":7}},"type":"binary-expr","locations":[{"start":{"line":246,"column":7},"end":{"line":246,"column":14}},{"start":{"line":247,"column":8},"end":{"line":249,"column":17}}],"line":246},"20":{"loc":{"start":{"line":251,"column":7},"end":{"line":351,"column":7}},"type":"binary-expr","locations":[{"start":{"line":251,"column":7},"end":{"line":251,"column":15}},{"start":{"line":252,"column":8},"end":{"line":350,"column":14}}],"line":251},"21":{"loc":{"start":{"line":253,"column":11},"end":{"line":253,"column":63}},"type":"binary-expr","locations":[{"start":{"line":253,"column":11},"end":{"line":253,"column":16}},{"start":{"line":253,"column":20},"end":{"line":253,"column":63}}],"line":253},"22":{"loc":{"start":{"line":254,"column":11},"end":{"line":349,"column":11}},"type":"cond-expr","locations":[{"start":{"line":255,"column":12},"end":{"line":346,"column":17}},{"start":{"line":348,"column":12},"end":{"line":348,"column":45}}],"line":254},"23":{"loc":{"start":{"line":261,"column":28},"end":{"line":261,"column":93}},"type":"cond-expr","locations":[{"start":{"line":261,"column":43},"end":{"line":261,"column":69}},{"start":{"line":261,"column":72},"end":{"line":261,"column":93}}],"line":261},"24":{"loc":{"start":{"line":265,"column":19},"end":{"line":279,"column":19}},"type":"binary-expr","locations":[{"start":{"line":265,"column":19},"end":{"line":265,"column":37}},{"start":{"line":266,"column":4},"end":{"line":275,"column":10}}],"line":265},"25":{"loc":{"start":{"line":283,"column":19},"end":{"line":292,"column":19}},"type":"binary-expr","locations":[{"start":{"line":283,"column":19},"end":{"line":283,"column":26}},{"start":{"line":284,"column":20},"end":{"line":291,"column":23}}],"line":283},"26":{"loc":{"start":{"line":293,"column":19},"end":{"line":343,"column":19}},"type":"binary-expr","locations":[{"start":{"line":293,"column":19},"end":{"line":293,"column":27}},{"start":{"line":294,"column":20},"end":{"line":342,"column":23}}],"line":293},"27":{"loc":{"start":{"line":303,"column":37},"end":{"line":303,"column":109}},"type":"cond-expr","locations":[{"start":{"line":303,"column":94},"end":{"line":303,"column":100}},{"start":{"line":303,"column":103},"end":{"line":303,"column":109}}],"line":303},"28":{"loc":{"start":{"line":316,"column":37},"end":{"line":316,"column":110}},"type":"cond-expr","locations":[{"start":{"line":316,"column":94},"end":{"line":316,"column":101}},{"start":{"line":316,"column":104},"end":{"line":316,"column":110}}],"line":316},"29":{"loc":{"start":{"line":326,"column":28},"end":{"line":326,"column":57}},"type":"binary-expr","locations":[{"start":{"line":326,"column":28},"end":{"line":326,"column":51}},{"start":{"line":326,"column":55},"end":{"line":326,"column":57}}],"line":326},"30":{"loc":{"start":{"line":334,"column":28},"end":{"line":337,"column":29}},"type":"if","locations":[{"start":{"line":334,"column":28},"end":{"line":337,"column":29}},{"start":{},"end":{}}],"line":334},"31":{"loc":{"start":{"line":334,"column":32},"end":{"line":334,"column":74}},"type":"binary-expr","locations":[{"start":{"line":334,"column":32},"end":{"line":334,"column":49}},{"start":{"line":334,"column":53},"end":{"line":334,"column":74}}],"line":334},"32":{"loc":{"start":{"line":352,"column":7},"end":{"line":375,"column":7}},"type":"binary-expr","locations":[{"start":{"line":352,"column":7},"end":{"line":352,"column":15}},{"start":{"line":353,"column":8},"end":{"line":374,"column":14}}],"line":352},"33":{"loc":{"start":{"line":356,"column":13},"end":{"line":362,"column":13}},"type":"cond-expr","locations":[{"start":{"line":357,"column":14},"end":{"line":359,"column":16}},{"start":{"line":361,"column":14},"end":{"line":361,"column":48}}],"line":356},"34":{"loc":{"start":{"line":366,"column":13},"end":{"line":372,"column":13}},"type":"cond-expr","locations":[{"start":{"line":367,"column":14},"end":{"line":369,"column":16}},{"start":{"line":371,"column":13},"end":{"line":371,"column":44}}],"line":366},"35":{"loc":{"start":{"line":376,"column":7},"end":{"line":381,"column":7}},"type":"binary-expr","locations":[{"start":{"line":376,"column":7},"end":{"line":376,"column":19}},{"start":{"line":377,"column":8},"end":{"line":380,"column":10}}],"line":376}},"s":{"0":0,"1":0,"2":0,"3":0,"4":0,"5":0,"6":0,"7":0,"8":0,"9":0,"10":0,"11":0,"12":0,"13":0,"14":0,"15":0,"16":0,"17":0,"18":0,"19":0,"20":0,"21":0,"22":0,"23":0,"24":0,"25":0,"26":0,"27":0,"28":0,"29":0,"30":0,"31":0,"32":0,"33":0,"34":0,"35":0,"36":0,"37":0,"38":0,"39":0,"40":0,"41":0,"42":0,"43":0,"44":0,"45":0,"46":0,"47":0,"48":0,"49":0,"50":0,"51":0,"52":0,"53":0,"54":0,"55":0,"56":0,"57":0,"58":0,"59":0,"60":0,"61":0,"62":0,"63":0,"64":0,"65":0,"66":0,"67":0,"68":0,"69":0,"70":0,"71":0,"72":0,"73":0,"74":0,"75":0,"76":0,"77":0,"78":0,"79":0,"80":0,"81":0,"82":0,"83":0,"84":0,"85":0,"86":0,"87":0,"88":0,"89":0,"90":0,"91":0,"92":0,"93":0,"94":0,"95":0,"96":0,"97":0,"98":0,"99":0,"100":0,"101":0,"102":0,"103":0,"104":0,"105":0,"106":0,"107":0,"108":0,"109":0,"110":0,"111":0,"112":0,"113":0,"114":0,"115":0,"116":0,"117":0,"118":0,"119":0,"120":0,"121":0},"f":{"0":0,"1":0,"2":0,"3":0,"4":0,"5":0,"6":0,"7":0,"8":0,"9":0,"10":0,"11":0,"12":0,"13":0,"14":0,"15":0,"16":0,"17":0,"18":0,"19":0,"20":0,"21":0,"22":0,"23":0,"24":0,"25":0,"26":0,"27":0,"28":0,"29":0,"30":0,"31":0,"32":0,"33":0,"34":0,"35":0,"36":0,"37":0,"38":0,"39":0,"40":0,"41":0,"42":0},"b":{"0":[0,0],"1":[0,0],"2":[0,0],"3":[0,0],"4":[0,0],"5":[0,0],"6":[0,0],"7":[0,0],"8":[0,0],"9":[0,0],"10":[0,0],"11":[0,0],"12":[0,0],"13":[0,0],"14":[0,0],"15":[0,0],"16":[0,0,0],"17":[0,0],"18":[0,0],"19":[0,0],"20":[0,0],"21":[0,0],"22":[0,0],"23":[0,0],"24":[0,0],"25":[0,0],"26":[0,0],"27":[0,0],"28":[0,0],"29":[0,0],"30":[0,0],"31":[0,0],"32":[0,0],"33":[0,0],"34":[0,0],"35":[0,0]}}
,"C:\\Users\\Frida\\cloud-front\\src\\index.js": {"path":"C:\\Users\\Frida\\cloud-front\\src\\index.js","statementMap":{"0":{"start":{"line":7,"column":13},"end":{"line":7,"column":65}},"1":{"start":{"line":8,"column":0},"end":{"line":12,"column":2}},"2":{"start":{"line":17,"column":0},"end":{"line":17,"column":18}}},"fnMap":{},"branchMap":{},"s":{"0":0,"1":0,"2":0},"f":{},"b":{}}
,"C:\\Users\\Frida\\cloud-front\\src\\reportWebVitals.js": {"path":"C:\\Users\\Frida\\cloud-front\\src\\reportWebVitals.js","statementMap":{"0":{"start":{"line":1,"column":24},"end":{"line":11,"column":1}},"1":{"start":{"line":2,"column":2},"end":{"line":10,"column":3}},"2":{"start":{"line":3,"column":4},"end":{"line":9,"column":7}},"3":{"start":{"line":4,"column":6},"end":{"line":4,"column":26}},"4":{"start":{"line":5,"column":6},"end":{"line":5,"column":26}},"5":{"start":{"line":6,"column":6},"end":{"line":6,"column":26}},"6":{"start":{"line":7,"column":6},"end":{"line":7,"column":26}},"7":{"start":{"line":8,"column":6},"end":{"line":8,"column":27}}},"fnMap":{"0":{"name":"(anonymous_0)","decl":{"start":{"line":1,"column":24},"end":{"line":1,"column":25}},"loc":{"start":{"line":1,"column":39},"end":{"line":11,"column":1}},"line":1},"1":{"name":"(anonymous_1)","decl":{"start":{"line":3,"column":30},"end":{"line":3,"column":31}},"loc":{"start":{"line":3,"column":79},"end":{"line":9,"column":5}},"line":3}},"branchMap":{"0":{"loc":{"start":{"line":2,"column":2},"end":{"line":10,"column":3}},"type":"if","locations":[{"start":{"line":2,"column":2},"end":{"line":10,"column":3}},{"start":{},"end":{}}],"line":2},"1":{"loc":{"start":{"line":2,"column":6},"end":{"line":2,"column":52}},"type":"binary-expr","locations":[{"start":{"line":2,"column":6},"end":{"line":2,"column":17}},{"start":{"line":2,"column":21},"end":{"line":2,"column":52}}],"line":2}},"s":{"0":0,"1":0,"2":0,"3":0,"4":0,"5":0,"6":0,"7":0},"f":{"0":0,"1":0},"b":{"0":[0,0],"1":[0,0]}}
}
