TN:
SF:src\App.js
FN:4,App
FNF:1
FNH:1
FNDA:4,App
DA:5,4
LF:1
LH:1
BRF:0
BRH:0
end_of_record
TN:
SF:src\Button.js
FN:3,Button
FNF:1
FNH:1
FNDA:2,Button
DA:4,2
LF:1
LH:1
BRF:0
BRH:0
end_of_record
TN:
SF:src\CasaraoFormPage.js
FN:3,CasaraoFormPage
FN:12,(anonymous_1)
FN:24,(anonymous_2)
FN:43,(anonymous_3)
FN:47,(anonymous_4)
FN:55,(anonymous_5)
FN:96,(anonymous_6)
FN:103,(anonymous_7)
FN:111,(anonymous_8)
FN:127,(anonymous_9)
FNF:10
FNH:5
FNDA:12,CasaraoFormPage
FNDA:7,(anonymous_1)
FNDA:2,(anonymous_2)
FNDA:1,(anonymous_3)
FNDA:1,(anonymous_4)
FNDA:0,(anonymous_5)
FNDA:0,(anonymous_6)
FNDA:0,(anonymous_7)
FNDA:0,(anonymous_8)
FNDA:0,(anonymous_9)
DA:4,12
DA:5,12
DA:6,12
DA:7,12
DA:8,12
DA:9,12
DA:10,12
DA:12,12
DA:13,7
DA:14,2
DA:15,2
DA:16,2
DA:17,2
DA:18,2
DA:19,2
DA:24,12
DA:25,2
DA:27,2
DA:28,2
DA:30,2
DA:31,1
DA:33,1
DA:34,1
DA:35,1
DA:38,1
DA:43,12
DA:44,1
DA:45,1
DA:46,1
DA:47,1
DA:48,1
DA:49,1
DA:51,1
DA:55,12
DA:56,0
DA:59,0
DA:61,0
DA:70,0
DA:72,0
DA:73,0
DA:76,0
DA:79,0
DA:80,0
DA:81,0
DA:82,0
DA:83,0
DA:84,0
DA:85,0
DA:88,12
DA:96,0
DA:103,0
DA:111,0
DA:127,0
DA:159,2
LF:54
LH:36
BRDA:13,0,0,2
BRDA:13,0,1,5
BRDA:17,1,0,2
BRDA:17,1,1,1
BRDA:18,2,0,1
BRDA:18,2,1,1
BRDA:19,3,0,2
BRDA:19,3,1,1
BRDA:27,4,0,2
BRDA:27,4,1,0
BRDA:33,5,0,1
BRDA:33,5,1,0
BRDA:45,6,0,1
BRDA:45,6,1,0
BRDA:66,7,0,0
BRDA:66,7,1,0
BRDA:72,8,0,0
BRDA:72,8,1,0
BRDA:90,9,0,4
BRDA:90,9,1,8
BRDA:130,10,0,12
BRDA:130,10,1,0
BRDA:151,11,0,4
BRDA:151,11,1,8
BRF:24
BRH:16
end_of_record
TN:
SF:src\CasaraoListPage.js
FN:8,CasaraoListPage
FN:17,(anonymous_1)
FN:21,(anonymous_2)
FN:25,(anonymous_3)
FN:34,(anonymous_4)
FN:50,(anonymous_5)
FN:56,(anonymous_6)
FN:62,(anonymous_7)
FN:63,(anonymous_8)
FN:69,(anonymous_9)
FN:72,(anonymous_10)
FN:84,(anonymous_11)
FN:85,(anonymous_12)
FN:86,(anonymous_13)
FN:87,(anonymous_14)
FN:95,(anonymous_15)
FN:96,(anonymous_16)
FN:97,(anonymous_17)
FN:98,(anonymous_18)
FN:105,(anonymous_19)
FN:106,(anonymous_20)
FN:106,(anonymous_21)
FN:109,(anonymous_22)
FN:114,(anonymous_23)
FN:124,(anonymous_24)
FN:124,(anonymous_25)
FN:131,(anonymous_26)
FN:158,(anonymous_27)
FN:164,(anonymous_28)
FN:165,(anonymous_29)
FN:226,(anonymous_30)
FN:256,(anonymous_31)
FN:270,(anonymous_32)
FN:285,(anonymous_33)
FN:288,(anonymous_34)
FN:297,(anonymous_35)
FN:303,(anonymous_36)
FN:310,(anonymous_37)
FN:316,(anonymous_38)
FN:326,(anonymous_39)
FN:333,(anonymous_40)
FN:357,(anonymous_41)
FN:367,(anonymous_42)
FNF:43
FNH:14
FNDA:13,CasaraoListPage
FNDA:6,(anonymous_1)
FNDA:6,(anonymous_2)
FNDA:6,(anonymous_3)
FNDA:6,(anonymous_4)
FNDA:10,(anonymous_5)
FNDA:0,(anonymous_6)
FNDA:4,(anonymous_7)
FNDA:4,(anonymous_8)
FNDA:0,(anonymous_9)
FNDA:0,(anonymous_10)
FNDA:1,(anonymous_11)
FNDA:1,(anonymous_12)
FNDA:0,(anonymous_13)
FNDA:0,(anonymous_14)
FNDA:0,(anonymous_15)
FNDA:0,(anonymous_16)
FNDA:0,(anonymous_17)
FNDA:0,(anonymous_18)
FNDA:0,(anonymous_19)
FNDA:0,(anonymous_20)
FNDA:0,(anonymous_21)
FNDA:0,(anonymous_22)
FNDA:0,(anonymous_23)
FNDA:0,(anonymous_24)
FNDA:0,(anonymous_25)
FNDA:0,(anonymous_26)
FNDA:0,(anonymous_27)
FNDA:0,(anonymous_28)
FNDA:0,(anonymous_29)
FNDA:0,(anonymous_30)
FNDA:3,(anonymous_31)
FNDA:0,(anonymous_32)
FNDA:0,(anonymous_33)
FNDA:0,(anonymous_34)
FNDA:1,(anonymous_35)
FNDA:1,(anonymous_36)
FNDA:0,(anonymous_37)
FNDA:0,(anonymous_38)
FNDA:0,(anonymous_39)
FNDA:0,(anonymous_40)
FNDA:1,(anonymous_41)
FNDA:0,(anonymous_42)
DA:9,13
DA:10,13
DA:12,13
DA:13,13
DA:14,13
DA:15,13
DA:16,13
DA:17,13
DA:18,6
DA:19,6
DA:21,13
DA:22,6
DA:23,6
DA:25,13
DA:26,6
DA:27,6
DA:30,13
DA:31,13
DA:32,13
DA:34,13
DA:35,6
DA:36,6
DA:38,6
DA:41,6
DA:42,6
DA:43,6
DA:45,0
DA:46,0
DA:50,13
DA:51,10
DA:52,3
DA:56,13
DA:57,0
DA:58,0
DA:59,0
DA:62,13
DA:63,4
DA:64,4
DA:65,4
DA:66,3
DA:69,13
DA:70,0
DA:72,13
DA:73,0
DA:75,0
DA:76,0
DA:77,0
DA:80,0
DA:81,0
DA:84,13
DA:85,1
DA:86,1
DA:87,0
DA:90,1
DA:91,1
DA:95,13
DA:96,0
DA:97,0
DA:98,0
DA:101,0
DA:102,0
DA:105,13
DA:106,0
DA:109,13
DA:110,0
DA:114,13
DA:115,0
DA:117,0
DA:118,0
DA:122,0
DA:124,0
DA:126,0
DA:127,0
DA:131,13
DA:133,0
DA:134,0
DA:135,0
DA:136,0
DA:139,0
DA:147,0
DA:149,0
DA:150,0
DA:151,0
DA:153,0
DA:154,0
DA:158,13
DA:159,0
DA:160,0
DA:161,0
DA:164,13
DA:165,0
DA:166,0
DA:170,0
DA:171,0
DA:175,13
DA:226,0
DA:257,3
DA:271,0
DA:285,0
DA:288,0
DA:297,1
DA:303,1
DA:310,0
DA:316,0
DA:327,0
DA:334,0
DA:335,0
DA:336,0
DA:358,1
DA:368,0
DA:389,1
LF:111
LH:55
BRDA:19,0,0,0
BRDA:19,0,1,6
BRDA:23,1,0,0
BRDA:23,1,1,6
BRDA:27,2,0,0
BRDA:27,2,1,6
BRDA:38,3,0,0
BRDA:38,3,1,6
BRDA:51,4,0,3
BRDA:51,4,1,7
BRDA:65,5,0,3
BRDA:65,5,1,1
BRDA:75,6,0,0
BRDA:75,6,1,0
BRDA:86,7,0,0
BRDA:86,7,1,1
BRDA:97,8,0,0
BRDA:97,8,1,0
BRDA:115,9,0,0
BRDA:115,9,1,0
BRDA:122,10,0,0
BRDA:122,10,1,0
BRDA:135,11,0,0
BRDA:135,11,1,0
BRDA:136,12,0,0
BRDA:136,12,1,0
BRDA:147,13,0,0
BRDA:147,13,1,0
BRDA:168,14,0,0
BRDA:168,14,1,0
BRDA:187,15,0,13
BRDA:187,15,1,12
BRDA:216,16,0,13
BRDA:216,16,1,0
BRDA:216,16,2,0
BRDA:237,17,0,13
BRDA:237,17,1,0
BRDA:244,18,0,6
BRDA:244,18,1,7
BRDA:246,19,0,13
BRDA:246,19,1,1
BRDA:251,20,0,13
BRDA:251,20,1,6
BRDA:253,21,0,6
BRDA:253,21,1,0
BRDA:254,22,0,3
BRDA:254,22,1,3
BRDA:261,23,0,3
BRDA:261,23,1,0
BRDA:265,24,0,3
BRDA:265,24,1,3
BRDA:283,25,0,3
BRDA:283,25,1,0
BRDA:293,26,0,3
BRDA:293,26,1,3
BRDA:303,27,0,1
BRDA:303,27,1,2
BRDA:316,28,0,0
BRDA:316,28,1,3
BRDA:326,29,0,3
BRDA:326,29,1,3
BRDA:334,30,0,0
BRDA:334,30,1,0
BRDA:334,31,0,0
BRDA:334,31,1,0
BRDA:352,32,0,13
BRDA:352,32,1,12
BRDA:356,33,0,1
BRDA:356,33,1,11
BRDA:366,34,0,0
BRDA:366,34,1,12
BRDA:376,35,0,13
BRDA:376,35,1,0
BRF:73
BRH:39
end_of_record
TN:
SF:src\index.js
FNF:0
FNH:0
DA:7,0
DA:8,0
DA:17,0
LF:3
LH:0
BRF:0
BRH:0
end_of_record
TN:
SF:src\reportWebVitals.js
FN:1,(anonymous_0)
FN:3,(anonymous_1)
FNF:2
FNH:0
FNDA:0,(anonymous_0)
FNDA:0,(anonymous_1)
DA:1,0
DA:2,0
DA:3,0
DA:4,0
DA:5,0
DA:6,0
DA:7,0
DA:8,0
LF:8
LH:0
BRDA:2,0,0,0
BRDA:2,0,1,0
BRDA:2,1,0,0
BRDA:2,1,1,0
BRF:4
BRH:0
end_of_record
